<?xml version="1.0" encoding="UTF-8"?>
<testsuites name="registrationSuite" time="38" tests="2" failures="0" errors="0">
   <testsuite name="registrationSuite" tests="2" failures="0" errors="0" time="38" timestamp="2018-06-06 16:36:20" hostname="Sai Rahul - fsit-PC" id="Test Suites/registrationSuite">
      <properties>
         <property name="deviceName" value=""/>
         <property name="devicePlatform" value=""/>
         <property name="logFolder" value="C:\\Users\\Sai Rahul\\Katalon Studio\\Qrida-project\\Reports\\registrationSuite\\20180606_163618"/>
         <property name="logFiles" value="C:\\Users\\Sai Rahul\\Katalon Studio\\Qrida-project\\Reports\\registrationSuite\\20180606_163618\\execution0.log"/>
         <property name="attachments" value=""/>
         <property name="hostName" value="Sai Rahul - fsit-PC"/>
         <property name="os" value="Windows 7 64bit"/>
         <property name="katalonVersion" value="5.4.2.1"/>
         <property name="browser" value="Firefox 60.0"/>
         <property name="hostAddress" value="192.168.1.94"/>
         <property name="sessionId" value="70482834-6b9e-4c6b-a399-d6ed2aefc0fb"/>
         <property name="seleniumVersion" value="3.7.1"/>
         <property name="proxyInformation" value="ProxyInformation{proxyOption=NO_PROXY, proxyServerType=HTTP, password=, proxyServerAddress=, proxyServerPort=0}"/>
         <property name="platform" value="Windows 7"/>
      </properties>
      <testcase name="Test Cases/registration" classname="Test Cases/registration" status="PASSED">
         <system-out><![CDATA[2018-06-06 16:36:21 - [TEST_CASE][PASSED] - Test Cases/registration: Test Cases/registration

2018-06-06 16:36:21 - [TEST_STEP][PASSED] - com.login.qrida.loginQrida.openBrowser: com.login.qrida.loginQrida.openBrowser is PASSED

2018-06-06 16:36:39 - [MESSAGE][PASSED] - Browser is opened with url: 'http://qrida.dev-fsit.com/login'

2018-06-06 16:36:39 - [MESSAGE][PASSED] - com.login.qrida.loginQrida.openBrowser is PASSED

2018-06-06 16:36:39 - [TEST_STEP][PASSED] - com.registration.qrida.registrationLink.registration: com.registration.qrida.registrationLink.registration is PASSED

2018-06-06 16:36:40 - [MESSAGE][PASSED] - Object: 'Object Repository/registration/a_Dont have an account Registe' is clicked on

2018-06-06 16:36:40 - [MESSAGE][PASSED] - Text 'test' is set on object 'Object Repository/registration/input_givenNames'

2018-06-06 16:36:40 - [MESSAGE][PASSED] - Text 'test' is set on object 'Object Repository/registration/input_lastname'

2018-06-06 16:36:40 - [MESSAGE][PASSED] - Text 'test' is set on object 'Object Repository/registration/input_email'

2018-06-06 16:36:40 - [MESSAGE][PASSED] - Text 'test' is set on object 'Object Repository/registration/input_password'

2018-06-06 16:36:41 - [MESSAGE][PASSED] - Text 'test' is set on object 'Object Repository/registration/input_confirmPassword'

2018-06-06 16:36:41 - [MESSAGE][PASSED] - Object: 'Object Repository/registration/button_Register' is clicked on

2018-06-06 16:36:41 - [MESSAGE][PASSED] - com.registration.qrida.registrationLink.registration is PASSED]]></system-out>
         <system-err><![CDATA[]]></system-err>
      </testcase>
      <testcase name="Test Cases/registration" classname="Test Cases/registration" status="PASSED">
         <system-out><![CDATA[2018-06-06 16:36:41 - [TEST_CASE][PASSED] - Test Cases/registration: Test Cases/registration

2018-06-06 16:36:41 - [TEST_STEP][PASSED] - com.login.qrida.loginQrida.openBrowser: com.login.qrida.loginQrida.openBrowser is PASSED

2018-06-06 16:36:41 - [MESSAGE][WARNING] - A browser is already opened. Closing browser and opening a new one

2018-06-06 16:36:57 - [MESSAGE][PASSED] - Browser is opened with url: 'http://qrida.dev-fsit.com/login'

2018-06-06 16:36:57 - [MESSAGE][PASSED] - com.login.qrida.loginQrida.openBrowser is PASSED

2018-06-06 16:36:57 - [TEST_STEP][PASSED] - com.registration.qrida.registrationLink.registration: com.registration.qrida.registrationLink.registration is PASSED

2018-06-06 16:36:57 - [MESSAGE][PASSED] - Object: 'Object Repository/registration/a_Dont have an account Registe' is clicked on

2018-06-06 16:36:58 - [MESSAGE][PASSED] - Text 'test test tset test' is set on object 'Object Repository/registration/input_givenNames'

2018-06-06 16:36:58 - [MESSAGE][PASSED] - Text 'test test tset test' is set on object 'Object Repository/registration/input_lastname'

2018-06-06 16:36:58 - [MESSAGE][PASSED] - Text 'test test tset test' is set on object 'Object Repository/registration/input_email'

2018-06-06 16:36:58 - [MESSAGE][PASSED] - Text 'test test tset test' is set on object 'Object Repository/registration/input_password'

2018-06-06 16:36:58 - [MESSAGE][PASSED] - Text 'test test tset test' is set on object 'Object Repository/registration/input_confirmPassword'

2018-06-06 16:36:59 - [MESSAGE][PASSED] - Object: 'Object Repository/registration/button_Register' is clicked on

2018-06-06 16:36:59 - [MESSAGE][PASSED] - com.registration.qrida.registrationLink.registration is PASSED]]></system-out>
         <system-err><![CDATA[]]></system-err>
      </testcase>
      <system-out><![CDATA[2018-06-06 16:36:20 - [TEST_SUITE][PASSED] - registrationSuite: Test Cases/registration]]></system-out>
      <system-err><![CDATA[]]></system-err>
   </testsuite>
</testsuites>
